
============================================================
Computing Z* for AlAs
============================================================
Quantum MASALA
 - Project Git Info:
    - Commit hash:          681f4b593c9e0f6126ed1eceeb23a8fa88a08cea
    - Commit date and time: Tuesday, 21 April, 2026 20:14:04
Started calculation on 2026-04-21 at 20:40:37.
=========================================
SCF Parameters:

dftcomm        = DFTCommMod(image_comm.size=1, n_kgrp=1, n_bgrp=1, pwgrp_size=None)
crystal        = Crystal(
                  reallat=RealLattice(
                    alat=10.58000, 
                    latvec=
                      [[10.58  0.    0.  ]
                       [ 0.   10.58  0.  ]
                       [ 0.    0.   10.58]],
                  ), 
                  l_atoms=[
                    BasisAtoms(
                      label='Al', 
                      ppdata.filename=Al_ONCV_PBE-1.2.upf, 
                      ppdata.md5_checksum=2d9e7bc02555220d62fad08c3c4858e7, 
                      ppdata.valence=11, 
                      mass=26.982, 
                      r_cryst=
                        [-0.12 , -0.125, -0.125],
                        [ 0.375,  0.375, -0.125],
                        [ 0.375, -0.125,  0.375],
                        [-0.125,  0.375,  0.375],
                      )
                    BasisAtoms(
                      label='As', 
                      ppdata.filename=As_ONCV_PBE-1.2.upf, 
                      ppdata.md5_checksum=a2ff92a4799c87c945fff9e6739df4dd, 
                      ppdata.valence=5, 
                      mass=74.922, 
                      r_cryst=
                        [0.125, 0.125, 0.125],
                        [0.625, 0.625, 0.125],
                        [0.625, 0.125, 0.625],
                        [0.125, 0.625, 0.625],
                      )
                    ])
grho           = GSpace(crystal.recilat, ecut_rho=80.0, grid_shape=(45, 45, 45))
grho.num_g     = 40483
gwfn           = GSpace(crystal.recilat, ecut_wfn=80.0, grid_shape=(45, 45, 45))
gwfn.num_g     = 40483
numbnd         = 32
is_spin        = False
is_noncolin    = False
symm_rho       = True
rho_start      = <qtm.containers.field.get_FieldG.<locals>.FieldG object at 0x703acaf5cbc0>
wfn_init       = None
libxc_func     = None
occ_typ        = fixed
smear_typ      = gauss
e_temp         = 0.001 # Ha
conv_thr       = 5e-08 # Ha
maxiter        = 100
diago_thr_init = 0.005
mix_beta       = 0.7
mix_dim        = 8
ret_vxc        = False
dftconfig      = DFTConfig(
                      symm_check_supercell = True,
                      symm_use_all_frac = False,
                      spglib_symprec = 1e-05,
                      eigsolve_method = 'davidson',
                      davidson_maxiter = 20,
                      davidson_numwork = 2,
                      mixing_method = 'modbroyden')
iter_printer   = print_scf_status
kpts           =
    kpt[0]  kpt[1]  kpt[2];  weight
    -0.2500 -0.2500 -0.2500; 0.015625
    -0.2500 -0.2500  0.0000; 0.015625
    -0.2500 -0.2500  0.2500; 0.015625
    -0.2500 -0.2500  0.5000; 0.015625
    -0.2500  0.0000 -0.2500; 0.015625
    -0.2500  0.0000  0.0000; 0.015625
    -0.2500  0.0000  0.2500; 0.015625
    -0.2500  0.0000  0.5000; 0.015625
    -0.2500  0.2500 -0.2500; 0.015625
    -0.2500  0.2500  0.0000; 0.015625
    -0.2500  0.2500  0.2500; 0.015625
    -0.2500  0.2500  0.5000; 0.015625
    -0.2500  0.5000 -0.2500; 0.015625
    -0.2500  0.5000  0.0000; 0.015625
    -0.2500  0.5000  0.2500; 0.015625
    -0.2500  0.5000  0.5000; 0.015625
     0.0000 -0.2500 -0.2500; 0.015625
     0.0000 -0.2500  0.0000; 0.015625
     0.0000 -0.2500  0.2500; 0.015625
     0.0000 -0.2500  0.5000; 0.015625
     0.0000  0.0000 -0.2500; 0.015625
     0.0000  0.0000  0.0000; 0.015625
     0.0000  0.0000  0.2500; 0.015625
     0.0000  0.0000  0.5000; 0.015625
     0.0000  0.2500 -0.2500; 0.015625
     0.0000  0.2500  0.0000; 0.015625
     0.0000  0.2500  0.2500; 0.015625
     0.0000  0.2500  0.5000; 0.015625
     0.0000  0.5000 -0.2500; 0.015625
     0.0000  0.5000  0.0000; 0.015625
     0.0000  0.5000  0.2500; 0.015625
     0.0000  0.5000  0.5000; 0.015625
     0.2500 -0.2500 -0.2500; 0.015625
     0.2500 -0.2500  0.0000; 0.015625
     0.2500 -0.2500  0.2500; 0.015625
     0.2500 -0.2500  0.5000; 0.015625
     0.2500  0.0000 -0.2500; 0.015625
     0.2500  0.0000  0.0000; 0.015625
     0.2500  0.0000  0.2500; 0.015625
     0.2500  0.0000  0.5000; 0.015625
     0.2500  0.2500 -0.2500; 0.015625
     0.2500  0.2500  0.0000; 0.015625
     0.2500  0.2500  0.2500; 0.015625
     0.2500  0.2500  0.5000; 0.015625
     0.2500  0.5000 -0.2500; 0.015625
     0.2500  0.5000  0.0000; 0.015625
     0.2500  0.5000  0.2500; 0.015625
     0.2500  0.5000  0.5000; 0.015625
     0.5000 -0.2500 -0.2500; 0.015625
     0.5000 -0.2500  0.0000; 0.015625
     0.5000 -0.2500  0.2500; 0.015625
     0.5000 -0.2500  0.5000; 0.015625
     0.5000  0.0000 -0.2500; 0.015625
     0.5000  0.0000  0.0000; 0.015625
     0.5000  0.0000  0.2500; 0.015625
     0.5000  0.0000  0.5000; 0.015625
     0.5000  0.2500 -0.2500; 0.015625
     0.5000  0.2500  0.0000; 0.015625
     0.5000  0.2500  0.2500; 0.015625
     0.5000  0.2500  0.5000; 0.015625
     0.5000  0.5000 -0.2500; 0.015625
     0.5000  0.5000  0.0000; 0.015625
     0.5000  0.5000  0.2500; 0.015625
     0.5000  0.5000  0.5000; 0.015625

=========================================
Iteration # 1, Run Time:  42.0 sec
Convergence Status   : NOT Converged
SCF Error           : 3.7745e-01 Ry
Avg Diago Iterations: 8.4
Diago Threshold     : 5.90e-04 Ry

Total Energy:         -598.14411653 Ry

      one-el:         -424.10698679 Ry
     Hartree:          187.82914576 Ry
          XC:          -75.44375800 Ry
       Ewald:         -286.42251750 Ry

    HO Level:            5.76496178 eV
----------------------------------------

Iteration # 2, Run Time:  56.1 sec
Convergence Status   : NOT Converged
SCF Error           : 3.5539e-01 Ry
Avg Diago Iterations: 2.4
Diago Threshold     : 5.55e-04 Ry

Total Energy:         -598.94317149 Ry

      one-el:         -424.90604174 Ry
     Hartree:          187.82914576 Ry
          XC:          -75.44375800 Ry
       Ewald:         -286.42251750 Ry

    HO Level:            5.73776576 eV
----------------------------------------

Iteration # 3, Run Time:  71.1 sec
Convergence Status   : NOT Converged
SCF Error           : 4.0039e-02 Ry
Avg Diago Iterations: 2.0
Diago Threshold     : 6.26e-05 Ry

Total Energy:         -606.12307774 Ry

      one-el:         -428.28121598 Ry
     Hartree:          183.98182566 Ry
          XC:          -75.40116991 Ry
       Ewald:         -286.42251750 Ry

    HO Level:            6.48615172 eV
----------------------------------------

Iteration # 4, Run Time:  86.2 sec
Convergence Status   : NOT Converged
SCF Error           : 1.9081e-03 Ry
Avg Diago Iterations: 2.0
Diago Threshold     : 2.98e-06 Ry

Total Energy:         -604.61995413 Ry

      one-el:         -427.75398303 Ry
     Hartree:          184.98955423 Ry
          XC:          -75.43300782 Ry
       Ewald:         -286.42251750 Ry

    HO Level:            6.33838098 eV
----------------------------------------

Iteration # 5, Run Time: 102.5 sec
Convergence Status   : NOT Converged
SCF Error           : 3.6477e-04 Ry
Avg Diago Iterations: 3.4
Diago Threshold     : 5.70e-07 Ry

Total Energy:         -604.21274308 Ry

      one-el:         -427.53605128 Ry
     Hartree:          185.22166872 Ry
          XC:          -75.47584302 Ry
       Ewald:         -286.42251750 Ry

    HO Level:            6.33527670 eV
----------------------------------------

Iteration # 6, Run Time: 117.6 sec
Convergence Status   : NOT Converged
SCF Error           : 4.0274e-06 Ry
Avg Diago Iterations: 2.1
Diago Threshold     : 6.29e-09 Ry

Total Energy:         -604.42180944 Ry

      one-el:         -427.61653447 Ry
     Hartree:          185.09375801 Ry
          XC:          -75.47651548 Ry
       Ewald:         -286.42251750 Ry

    HO Level:            6.35275553 eV
----------------------------------------

Iteration # 7, Run Time: 135.7 sec
Convergence Status   : NOT Converged
SCF Error           : 8.1980e-06 Ry
Avg Diago Iterations: 4.2
Diago Threshold     : 6.29e-09 Ry

Total Energy:         -604.45087269 Ry

      one-el:         -427.63491630 Ry
     Hartree:          185.08385079 Ry
          XC:          -75.47728967 Ry
       Ewald:         -286.42251750 Ry

    HO Level:            6.35378886 eV
----------------------------------------

Iteration # 8, Run Time: 150.9 sec
Convergence Status   : NOT Converged
SCF Error           : 1.1676e-07 Ry
Avg Diago Iterations: 2.4
Diago Threshold     : 1.82e-10 Ry

Total Energy:         -604.42441693 Ry

      one-el:         -427.62369672 Ry
     Hartree:          185.09942060 Ry
          XC:          -75.47762330 Ry
       Ewald:         -286.42251750 Ry

    HO Level:            6.35160788 eV
----------------------------------------

Iteration # 9, Run Time: 168.2 sec
Convergence Status   :  Converged
SCF Error           : 1.3569e-08 Ry
Avg Diago Iterations: 4.0
Diago Threshold     : 1.82e-10 Ry

Total Energy:         -604.42053844 Ry

      one-el:         -427.62155134 Ry
     Hartree:          185.10126227 Ry
          XC:          -75.47773188 Ry
       Ewald:         -286.42251750 Ry

    HO Level:            6.35147222 eV
----------------------------------------

SCF Converged.
Quantum MASALA
 - Project Git Info:
    - Commit hash:          681f4b593c9e0f6126ed1eceeb23a8fa88a08cea
    - Commit date and time: Tuesday, 21 April, 2026 20:14:04
Started calculation on 2026-04-21 at 20:43:37.
=========================================
SCF Parameters:

dftcomm        = DFTCommMod(image_comm.size=1, n_kgrp=1, n_bgrp=1, pwgrp_size=None)
crystal        = Crystal(
                  reallat=RealLattice(
                    alat=10.58000, 
                    latvec=
                      [[10.58  0.    0.  ]
                       [ 0.   10.58  0.  ]
                       [ 0.    0.   10.58]],
                  ), 
                  l_atoms=[
                    BasisAtoms(
                      label='Al', 
                      ppdata.filename=Al_ONCV_PBE-1.2.upf, 
                      ppdata.md5_checksum=2d9e7bc02555220d62fad08c3c4858e7, 
                      ppdata.valence=11, 
                      mass=26.982, 
                      r_cryst=
                        [-0.13 , -0.125, -0.125],
                        [ 0.375,  0.375, -0.125],
                        [ 0.375, -0.125,  0.375],
                        [-0.125,  0.375,  0.375],
                      )
                    BasisAtoms(
                      label='As', 
                      ppdata.filename=As_ONCV_PBE-1.2.upf, 
                      ppdata.md5_checksum=a2ff92a4799c87c945fff9e6739df4dd, 
                      ppdata.valence=5, 
                      mass=74.922, 
                      r_cryst=
                        [0.125, 0.125, 0.125],
                        [0.625, 0.625, 0.125],
                        [0.625, 0.125, 0.625],
                        [0.125, 0.625, 0.625],
                      )
                    ])
grho           = GSpace(crystal.recilat, ecut_rho=80.0, grid_shape=(45, 45, 45))
grho.num_g     = 40483
gwfn           = GSpace(crystal.recilat, ecut_wfn=80.0, grid_shape=(45, 45, 45))
gwfn.num_g     = 40483
numbnd         = 32
is_spin        = False
is_noncolin    = False
symm_rho       = True
rho_start      = <qtm.containers.field.get_FieldG.<locals>.FieldG object at 0x703acafa31a0>
wfn_init       = None
libxc_func     = None
occ_typ        = fixed
smear_typ      = gauss
e_temp         = 0.001 # Ha
conv_thr       = 5e-08 # Ha
maxiter        = 100
diago_thr_init = 0.005
mix_beta       = 0.7
mix_dim        = 8
ret_vxc        = False
dftconfig      = DFTConfig(
                      symm_check_supercell = True,
                      symm_use_all_frac = False,
                      spglib_symprec = 1e-05,
                      eigsolve_method = 'davidson',
                      davidson_maxiter = 20,
                      davidson_numwork = 2,
                      mixing_method = 'modbroyden')
iter_printer   = print_scf_status
kpts           =
    kpt[0]  kpt[1]  kpt[2];  weight
    -0.2500 -0.2500 -0.2500; 0.015625
    -0.2500 -0.2500  0.0000; 0.015625
    -0.2500 -0.2500  0.2500; 0.015625
    -0.2500 -0.2500  0.5000; 0.015625
    -0.2500  0.0000 -0.2500; 0.015625
    -0.2500  0.0000  0.0000; 0.015625
    -0.2500  0.0000  0.2500; 0.015625
    -0.2500  0.0000  0.5000; 0.015625
    -0.2500  0.2500 -0.2500; 0.015625
    -0.2500  0.2500  0.0000; 0.015625
    -0.2500  0.2500  0.2500; 0.015625
    -0.2500  0.2500  0.5000; 0.015625
    -0.2500  0.5000 -0.2500; 0.015625
    -0.2500  0.5000  0.0000; 0.015625
    -0.2500  0.5000  0.2500; 0.015625
    -0.2500  0.5000  0.5000; 0.015625
     0.0000 -0.2500 -0.2500; 0.015625
     0.0000 -0.2500  0.0000; 0.015625
     0.0000 -0.2500  0.2500; 0.015625
     0.0000 -0.2500  0.5000; 0.015625
     0.0000  0.0000 -0.2500; 0.015625
     0.0000  0.0000  0.0000; 0.015625
     0.0000  0.0000  0.2500; 0.015625
     0.0000  0.0000  0.5000; 0.015625
     0.0000  0.2500 -0.2500; 0.015625
     0.0000  0.2500  0.0000; 0.015625
     0.0000  0.2500  0.2500; 0.015625
     0.0000  0.2500  0.5000; 0.015625
     0.0000  0.5000 -0.2500; 0.015625
     0.0000  0.5000  0.0000; 0.015625
     0.0000  0.5000  0.2500; 0.015625
     0.0000  0.5000  0.5000; 0.015625
     0.2500 -0.2500 -0.2500; 0.015625
     0.2500 -0.2500  0.0000; 0.015625
     0.2500 -0.2500  0.2500; 0.015625
     0.2500 -0.2500  0.5000; 0.015625
     0.2500  0.0000 -0.2500; 0.015625
     0.2500  0.0000  0.0000; 0.015625
     0.2500  0.0000  0.2500; 0.015625
     0.2500  0.0000  0.5000; 0.015625
     0.2500  0.2500 -0.2500; 0.015625
     0.2500  0.2500  0.0000; 0.015625
     0.2500  0.2500  0.2500; 0.015625
     0.2500  0.2500  0.5000; 0.015625
     0.2500  0.5000 -0.2500; 0.015625
     0.2500  0.5000  0.0000; 0.015625
     0.2500  0.5000  0.2500; 0.015625
     0.2500  0.5000  0.5000; 0.015625
     0.5000 -0.2500 -0.2500; 0.015625
     0.5000 -0.2500  0.0000; 0.015625
     0.5000 -0.2500  0.2500; 0.015625
     0.5000 -0.2500  0.5000; 0.015625
     0.5000  0.0000 -0.2500; 0.015625
     0.5000  0.0000  0.0000; 0.015625
     0.5000  0.0000  0.2500; 0.015625
     0.5000  0.0000  0.5000; 0.015625
     0.5000  0.2500 -0.2500; 0.015625
     0.5000  0.2500  0.0000; 0.015625
     0.5000  0.2500  0.2500; 0.015625
     0.5000  0.2500  0.5000; 0.015625
     0.5000  0.5000 -0.2500; 0.015625
     0.5000  0.5000  0.0000; 0.015625
     0.5000  0.5000  0.2500; 0.015625
     0.5000  0.5000  0.5000; 0.015625

=========================================
Iteration # 1, Run Time:  41.7 sec
Convergence Status   : NOT Converged
SCF Error           : 3.7727e-01 Ry
Avg Diago Iterations: 8.4
Diago Threshold     : 5.89e-04 Ry

Total Energy:         -598.15212561 Ry

      one-el:         -424.11499022 Ry
     Hartree:          187.82914576 Ry
          XC:          -75.44376365 Ry
       Ewald:         -286.42251750 Ry

    HO Level:            5.76759670 eV
----------------------------------------

Iteration # 2, Run Time:  55.9 sec
Convergence Status   : NOT Converged
SCF Error           : 3.5537e-01 Ry
Avg Diago Iterations: 2.4
Diago Threshold     : 5.55e-04 Ry

Total Energy:         -598.94286590 Ry

      one-el:         -424.90573051 Ry
     Hartree:          187.82914576 Ry
          XC:          -75.44376365 Ry
       Ewald:         -286.42251750 Ry

    HO Level:            5.73865369 eV
----------------------------------------

Iteration # 3, Run Time:  71.0 sec
Convergence Status   : NOT Converged
SCF Error           : 4.0051e-02 Ry
Avg Diago Iterations: 2.0
Diago Threshold     : 6.26e-05 Ry

Total Energy:         -606.12433733 Ry

      one-el:         -428.28223296 Ry
     Hartree:          183.98144874 Ry
          XC:          -75.40103560 Ry
       Ewald:         -286.42251750 Ry

    HO Level:            6.48641155 eV
----------------------------------------

Iteration # 4, Run Time:  86.1 sec
Convergence Status   : NOT Converged
SCF Error           : 1.9070e-03 Ry
Avg Diago Iterations: 2.0
Diago Threshold     : 2.98e-06 Ry

Total Energy:         -604.61957898 Ry

      one-el:         -427.75402237 Ry
     Hartree:          184.98992349 Ry
          XC:          -75.43296259 Ry
       Ewald:         -286.42251750 Ry

    HO Level:            6.33865544 eV
----------------------------------------

Iteration # 5, Run Time: 102.5 sec
Convergence Status   : NOT Converged
SCF Error           : 3.6621e-04 Ry
Avg Diago Iterations: 3.4
Diago Threshold     : 5.72e-07 Ry

Total Energy:         -604.21252020 Ry

      one-el:         -427.53591603 Ry
     Hartree:          185.22174821 Ry
          XC:          -75.47583488 Ry
       Ewald:         -286.42251750 Ry

    HO Level:            6.33525070 eV
----------------------------------------

Iteration # 6, Run Time: 117.6 sec
Convergence Status   : NOT Converged
SCF Error           : 4.1863e-06 Ry
Avg Diago Iterations: 2.1
Diago Threshold     : 6.54e-09 Ry

Total Energy:         -604.41958665 Ry

      one-el:         -427.61559246 Ry
     Hartree:          185.09504327 Ry
          XC:          -75.47651996 Ry
       Ewald:         -286.42251750 Ry

    HO Level:            6.35257542 eV
----------------------------------------

Iteration # 7, Run Time: 136.1 sec
Convergence Status   : NOT Converged
SCF Error           : 8.6533e-06 Ry
Avg Diago Iterations: 4.2
Diago Threshold     : 6.54e-09 Ry

Total Energy:         -604.45193562 Ry

      one-el:         -427.63546064 Ry
     Hartree:          185.08332459 Ry
          XC:          -75.47728206 Ry
       Ewald:         -286.42251750 Ry

    HO Level:            6.35387258 eV
----------------------------------------

Iteration # 8, Run Time: 151.3 sec
Convergence Status   :  Converged
SCF Error           : 6.9263e-08 Ry
Avg Diago Iterations: 2.7
Diago Threshold     : 6.54e-09 Ry

Total Energy:         -604.42054007 Ry

      one-el:         -427.62030062 Ry
     Hartree:          185.09991191 Ry
          XC:          -75.47763386 Ry
       Ewald:         -286.42251750 Ry

    HO Level:            6.35154987 eV
----------------------------------------

SCF Converged.
delta = 0.005 => del_Gamma = [2.75529521e-01 4.54822830e-06 3.95526803e-06].
Z_ion = 11, Z* = 2.2296229451428946.
