
============================================================
Computing Z* for AlP
============================================================
Quantum MASALA
 - Project Git Info:
    - Commit hash:          681f4b593c9e0f6126ed1eceeb23a8fa88a08cea
    - Commit date and time: Tuesday, 21 April, 2026 20:14:04
Started calculation on 2026-04-21 at 20:44:34.
=========================================
SCF Parameters:

dftcomm        = DFTCommMod(image_comm.size=1, n_kgrp=1, n_bgrp=1, pwgrp_size=None)
crystal        = Crystal(
                  reallat=RealLattice(
                    alat=10.28000, 
                    latvec=
                      [[10.28  0.    0.  ]
                       [ 0.   10.28  0.  ]
                       [ 0.    0.   10.28]],
                  ), 
                  l_atoms=[
                    BasisAtoms(
                      label='Al', 
                      ppdata.filename=Al_ONCV_PBE-1.2.upf, 
                      ppdata.md5_checksum=2d9e7bc02555220d62fad08c3c4858e7, 
                      ppdata.valence=11, 
                      mass=26.982, 
                      r_cryst=
                        [-0.12 , -0.125, -0.125],
                        [ 0.375,  0.375, -0.125],
                        [ 0.375, -0.125,  0.375],
                        [-0.125,  0.375,  0.375],
                      )
                    BasisAtoms(
                      label='P', 
                      ppdata.filename=P_ONCV_PBE-1.2.upf, 
                      ppdata.md5_checksum=0688a67b2b263c6b42d3d97c42745426, 
                      ppdata.valence=5, 
                      mass=30.974, 
                      r_cryst=
                        [0.125, 0.125, 0.125],
                        [0.625, 0.625, 0.125],
                        [0.625, 0.125, 0.625],
                        [0.125, 0.625, 0.625],
                      )
                    ])
grho           = GSpace(crystal.recilat, ecut_rho=80.0, grid_shape=(45, 45, 45))
grho.num_g     = 37193
gwfn           = GSpace(crystal.recilat, ecut_wfn=80.0, grid_shape=(45, 45, 45))
gwfn.num_g     = 37193
numbnd         = 32
is_spin        = False
is_noncolin    = False
symm_rho       = True
rho_start      = <qtm.containers.field.get_FieldG.<locals>.FieldG object at 0x74eb746c5700>
wfn_init       = None
libxc_func     = None
occ_typ        = fixed
smear_typ      = gauss
e_temp         = 0.001 # Ha
conv_thr       = 5e-08 # Ha
maxiter        = 100
diago_thr_init = 0.005
mix_beta       = 0.7
mix_dim        = 8
ret_vxc        = False
dftconfig      = DFTConfig(
                      symm_check_supercell = True,
                      symm_use_all_frac = False,
                      spglib_symprec = 1e-05,
                      eigsolve_method = 'davidson',
                      davidson_maxiter = 20,
                      davidson_numwork = 2,
                      mixing_method = 'modbroyden')
iter_printer   = print_scf_status
kpts           =
    kpt[0]  kpt[1]  kpt[2];  weight
    -0.2500 -0.2500 -0.2500; 0.015625
    -0.2500 -0.2500  0.0000; 0.015625
    -0.2500 -0.2500  0.2500; 0.015625
    -0.2500 -0.2500  0.5000; 0.015625
    -0.2500  0.0000 -0.2500; 0.015625
    -0.2500  0.0000  0.0000; 0.015625
    -0.2500  0.0000  0.2500; 0.015625
    -0.2500  0.0000  0.5000; 0.015625
    -0.2500  0.2500 -0.2500; 0.015625
    -0.2500  0.2500  0.0000; 0.015625
    -0.2500  0.2500  0.2500; 0.015625
    -0.2500  0.2500  0.5000; 0.015625
    -0.2500  0.5000 -0.2500; 0.015625
    -0.2500  0.5000  0.0000; 0.015625
    -0.2500  0.5000  0.2500; 0.015625
    -0.2500  0.5000  0.5000; 0.015625
     0.0000 -0.2500 -0.2500; 0.015625
     0.0000 -0.2500  0.0000; 0.015625
     0.0000 -0.2500  0.2500; 0.015625
     0.0000 -0.2500  0.5000; 0.015625
     0.0000  0.0000 -0.2500; 0.015625
     0.0000  0.0000  0.0000; 0.015625
     0.0000  0.0000  0.2500; 0.015625
     0.0000  0.0000  0.5000; 0.015625
     0.0000  0.2500 -0.2500; 0.015625
     0.0000  0.2500  0.0000; 0.015625
     0.0000  0.2500  0.2500; 0.015625
     0.0000  0.2500  0.5000; 0.015625
     0.0000  0.5000 -0.2500; 0.015625
     0.0000  0.5000  0.0000; 0.015625
     0.0000  0.5000  0.2500; 0.015625
     0.0000  0.5000  0.5000; 0.015625
     0.2500 -0.2500 -0.2500; 0.015625
     0.2500 -0.2500  0.0000; 0.015625
     0.2500 -0.2500  0.2500; 0.015625
     0.2500 -0.2500  0.5000; 0.015625
     0.2500  0.0000 -0.2500; 0.015625
     0.2500  0.0000  0.0000; 0.015625
     0.2500  0.0000  0.2500; 0.015625
     0.2500  0.0000  0.5000; 0.015625
     0.2500  0.2500 -0.2500; 0.015625
     0.2500  0.2500  0.0000; 0.015625
     0.2500  0.2500  0.2500; 0.015625
     0.2500  0.2500  0.5000; 0.015625
     0.2500  0.5000 -0.2500; 0.015625
     0.2500  0.5000  0.0000; 0.015625
     0.2500  0.5000  0.2500; 0.015625
     0.2500  0.5000  0.5000; 0.015625
     0.5000 -0.2500 -0.2500; 0.015625
     0.5000 -0.2500  0.0000; 0.015625
     0.5000 -0.2500  0.2500; 0.015625
     0.5000 -0.2500  0.5000; 0.015625
     0.5000  0.0000 -0.2500; 0.015625
     0.5000  0.0000  0.0000; 0.015625
     0.5000  0.0000  0.2500; 0.015625
     0.5000  0.0000  0.5000; 0.015625
     0.5000  0.2500 -0.2500; 0.015625
     0.5000  0.2500  0.0000; 0.015625
     0.5000  0.2500  0.2500; 0.015625
     0.5000  0.2500  0.5000; 0.015625
     0.5000  0.5000 -0.2500; 0.015625
     0.5000  0.5000  0.0000; 0.015625
     0.5000  0.5000  0.2500; 0.015625
     0.5000  0.5000  0.5000; 0.015625

=========================================
Iteration # 1, Run Time:  40.9 sec
Convergence Status   : NOT Converged
SCF Error           : 4.8125e-01 Ry
Avg Diago Iterations: 8.8
Diago Threshold     : 7.52e-04 Ry

Total Energy:         -600.52230187 Ry

      one-el:         -412.90736901 Ry
     Hartree:          183.27871859 Ry
          XC:          -76.11250018 Ry
       Ewald:         -294.78115128 Ry

    HO Level:            5.63833065 eV
----------------------------------------

Iteration # 2, Run Time:  55.4 sec
Convergence Status   : NOT Converged
SCF Error           : 4.5856e-01 Ry
Avg Diago Iterations: 2.7
Diago Threshold     : 7.17e-04 Ry

Total Energy:         -601.47418795 Ry

      one-el:         -413.85925509 Ry
     Hartree:          183.27871859 Ry
          XC:          -76.11250018 Ry
       Ewald:         -294.78115128 Ry

    HO Level:            5.60309875 eV
----------------------------------------

Iteration # 3, Run Time:  70.9 sec
Convergence Status   : NOT Converged
SCF Error           : 6.2721e-02 Ry
Avg Diago Iterations: 2.1
Diago Threshold     : 9.80e-05 Ry

Total Energy:         -608.40444673 Ry

      one-el:         -417.27552395 Ry
     Hartree:          179.86885878 Ry
          XC:          -76.21663029 Ry
       Ewald:         -294.78115128 Ry

    HO Level:            6.64190601 eV
----------------------------------------

Iteration # 4, Run Time:  85.8 sec
Convergence Status   : NOT Converged
SCF Error           : 2.8901e-03 Ry
Avg Diago Iterations: 2.0
Diago Threshold     : 4.52e-06 Ry

Total Energy:         -606.85853943 Ry

      one-el:         -416.73331277 Ry
     Hartree:          180.86475497 Ry
          XC:          -76.20883035 Ry
       Ewald:         -294.78115128 Ry

    HO Level:            6.40144113 eV
----------------------------------------

Iteration # 5, Run Time: 103.0 sec
Convergence Status   : NOT Converged
SCF Error           : 8.1892e-04 Ry
Avg Diago Iterations: 3.5
Diago Threshold     : 1.28e-06 Ry

Total Energy:         -606.28906455 Ry

      one-el:         -416.43720178 Ry
     Hartree:          181.18349692 Ry
          XC:          -76.25420842 Ry
       Ewald:         -294.78115128 Ry

    HO Level:            6.37866767 eV
----------------------------------------

Iteration # 6, Run Time: 118.2 sec
Convergence Status   : NOT Converged
SCF Error           : 4.0036e-06 Ry
Avg Diago Iterations: 2.0
Diago Threshold     : 6.26e-09 Ry

Total Energy:         -606.54377683 Ry

      one-el:         -416.53629034 Ry
     Hartree:          181.03039506 Ry
          XC:          -76.25673028 Ry
       Ewald:         -294.78115128 Ry

    HO Level:            6.40855158 eV
----------------------------------------

Iteration # 7, Run Time: 141.2 sec
Convergence Status   : NOT Converged
SCF Error           : 7.8326e-06 Ry
Avg Diago Iterations: 5.0
Diago Threshold     : 6.26e-09 Ry

Total Energy:         -606.58521270 Ry

      one-el:         -416.56105816 Ry
     Hartree:          181.01390438 Ry
          XC:          -76.25690765 Ry
       Ewald:         -294.78115128 Ry

    HO Level:            6.40967429 eV
----------------------------------------

Iteration # 8, Run Time: 156.8 sec
Convergence Status   : NOT Converged
SCF Error           : 3.4386e-07 Ry
Avg Diago Iterations: 2.4
Diago Threshold     : 5.37e-10 Ry

Total Energy:         -606.56716494 Ry

      one-el:         -416.55355578 Ry
     Hartree:          181.02464053 Ry
          XC:          -76.25709841 Ry
       Ewald:         -294.78115128 Ry

    HO Level:            6.40759049 eV
----------------------------------------

Iteration # 9, Run Time: 173.6 sec
Convergence Status   :  Converged
SCF Error           : 1.6865e-08 Ry
Avg Diago Iterations: 3.5
Diago Threshold     : 5.37e-10 Ry

Total Energy:         -606.55990728 Ry

      one-el:         -416.55033799 Ry
     Hartree:          181.02895213 Ry
          XC:          -76.25737014 Ry
       Ewald:         -294.78115128 Ry

    HO Level:            6.40731712 eV
----------------------------------------

SCF Converged.
Quantum MASALA
 - Project Git Info:
    - Commit hash:          681f4b593c9e0f6126ed1eceeb23a8fa88a08cea
    - Commit date and time: Tuesday, 21 April, 2026 20:14:04
Started calculation on 2026-04-21 at 20:47:39.
=========================================
SCF Parameters:

dftcomm        = DFTCommMod(image_comm.size=1, n_kgrp=1, n_bgrp=1, pwgrp_size=None)
crystal        = Crystal(
                  reallat=RealLattice(
                    alat=10.28000, 
                    latvec=
                      [[10.28  0.    0.  ]
                       [ 0.   10.28  0.  ]
                       [ 0.    0.   10.28]],
                  ), 
                  l_atoms=[
                    BasisAtoms(
                      label='Al', 
                      ppdata.filename=Al_ONCV_PBE-1.2.upf, 
                      ppdata.md5_checksum=2d9e7bc02555220d62fad08c3c4858e7, 
                      ppdata.valence=11, 
                      mass=26.982, 
                      r_cryst=
                        [-0.13 , -0.125, -0.125],
                        [ 0.375,  0.375, -0.125],
                        [ 0.375, -0.125,  0.375],
                        [-0.125,  0.375,  0.375],
                      )
                    BasisAtoms(
                      label='P', 
                      ppdata.filename=P_ONCV_PBE-1.2.upf, 
                      ppdata.md5_checksum=0688a67b2b263c6b42d3d97c42745426, 
                      ppdata.valence=5, 
                      mass=30.974, 
                      r_cryst=
                        [0.125, 0.125, 0.125],
                        [0.625, 0.625, 0.125],
                        [0.625, 0.125, 0.625],
                        [0.125, 0.625, 0.625],
                      )
                    ])
grho           = GSpace(crystal.recilat, ecut_rho=80.0, grid_shape=(45, 45, 45))
grho.num_g     = 37193
gwfn           = GSpace(crystal.recilat, ecut_wfn=80.0, grid_shape=(45, 45, 45))
gwfn.num_g     = 37193
numbnd         = 32
is_spin        = False
is_noncolin    = False
symm_rho       = True
rho_start      = <qtm.containers.field.get_FieldG.<locals>.FieldG object at 0x74eb74c5b110>
wfn_init       = None
libxc_func     = None
occ_typ        = fixed
smear_typ      = gauss
e_temp         = 0.001 # Ha
conv_thr       = 5e-08 # Ha
maxiter        = 100
diago_thr_init = 0.005
mix_beta       = 0.7
mix_dim        = 8
ret_vxc        = False
dftconfig      = DFTConfig(
                      symm_check_supercell = True,
                      symm_use_all_frac = False,
                      spglib_symprec = 1e-05,
                      eigsolve_method = 'davidson',
                      davidson_maxiter = 20,
                      davidson_numwork = 2,
                      mixing_method = 'modbroyden')
iter_printer   = print_scf_status
kpts           =
    kpt[0]  kpt[1]  kpt[2];  weight
    -0.2500 -0.2500 -0.2500; 0.015625
    -0.2500 -0.2500  0.0000; 0.015625
    -0.2500 -0.2500  0.2500; 0.015625
    -0.2500 -0.2500  0.5000; 0.015625
    -0.2500  0.0000 -0.2500; 0.015625
    -0.2500  0.0000  0.0000; 0.015625
    -0.2500  0.0000  0.2500; 0.015625
    -0.2500  0.0000  0.5000; 0.015625
    -0.2500  0.2500 -0.2500; 0.015625
    -0.2500  0.2500  0.0000; 0.015625
    -0.2500  0.2500  0.2500; 0.015625
    -0.2500  0.2500  0.5000; 0.015625
    -0.2500  0.5000 -0.2500; 0.015625
    -0.2500  0.5000  0.0000; 0.015625
    -0.2500  0.5000  0.2500; 0.015625
    -0.2500  0.5000  0.5000; 0.015625
     0.0000 -0.2500 -0.2500; 0.015625
     0.0000 -0.2500  0.0000; 0.015625
     0.0000 -0.2500  0.2500; 0.015625
     0.0000 -0.2500  0.5000; 0.015625
     0.0000  0.0000 -0.2500; 0.015625
     0.0000  0.0000  0.0000; 0.015625
     0.0000  0.0000  0.2500; 0.015625
     0.0000  0.0000  0.5000; 0.015625
     0.0000  0.2500 -0.2500; 0.015625
     0.0000  0.2500  0.0000; 0.015625
     0.0000  0.2500  0.2500; 0.015625
     0.0000  0.2500  0.5000; 0.015625
     0.0000  0.5000 -0.2500; 0.015625
     0.0000  0.5000  0.0000; 0.015625
     0.0000  0.5000  0.2500; 0.015625
     0.0000  0.5000  0.5000; 0.015625
     0.2500 -0.2500 -0.2500; 0.015625
     0.2500 -0.2500  0.0000; 0.015625
     0.2500 -0.2500  0.2500; 0.015625
     0.2500 -0.2500  0.5000; 0.015625
     0.2500  0.0000 -0.2500; 0.015625
     0.2500  0.0000  0.0000; 0.015625
     0.2500  0.0000  0.2500; 0.015625
     0.2500  0.0000  0.5000; 0.015625
     0.2500  0.2500 -0.2500; 0.015625
     0.2500  0.2500  0.0000; 0.015625
     0.2500  0.2500  0.2500; 0.015625
     0.2500  0.2500  0.5000; 0.015625
     0.2500  0.5000 -0.2500; 0.015625
     0.2500  0.5000  0.0000; 0.015625
     0.2500  0.5000  0.2500; 0.015625
     0.2500  0.5000  0.5000; 0.015625
     0.5000 -0.2500 -0.2500; 0.015625
     0.5000 -0.2500  0.0000; 0.015625
     0.5000 -0.2500  0.2500; 0.015625
     0.5000 -0.2500  0.5000; 0.015625
     0.5000  0.0000 -0.2500; 0.015625
     0.5000  0.0000  0.0000; 0.015625
     0.5000  0.0000  0.2500; 0.015625
     0.5000  0.0000  0.5000; 0.015625
     0.5000  0.2500 -0.2500; 0.015625
     0.5000  0.2500  0.0000; 0.015625
     0.5000  0.2500  0.2500; 0.015625
     0.5000  0.2500  0.5000; 0.015625
     0.5000  0.5000 -0.2500; 0.015625
     0.5000  0.5000  0.0000; 0.015625
     0.5000  0.5000  0.2500; 0.015625
     0.5000  0.5000  0.5000; 0.015625

=========================================
Iteration # 1, Run Time:  41.3 sec
Convergence Status   : NOT Converged
SCF Error           : 4.8095e-01 Ry
Avg Diago Iterations: 8.8
Diago Threshold     : 7.51e-04 Ry

Total Energy:         -600.53183748 Ry

      one-el:         -412.91690412 Ry
     Hartree:          183.27871859 Ry
          XC:          -76.11250067 Ry
       Ewald:         -294.78115128 Ry

    HO Level:            5.65622965 eV
----------------------------------------

Iteration # 2, Run Time:  55.6 sec
Convergence Status   : NOT Converged
SCF Error           : 4.5864e-01 Ry
Avg Diago Iterations: 2.6
Diago Threshold     : 7.17e-04 Ry

Total Energy:         -601.46956392 Ry

      one-el:         -413.85463056 Ry
     Hartree:          183.27871859 Ry
          XC:          -76.11250067 Ry
       Ewald:         -294.78115128 Ry

    HO Level:            5.60221242 eV
----------------------------------------

Iteration # 3, Run Time:  71.8 sec
Convergence Status   : NOT Converged
SCF Error           : 6.2984e-02 Ry
Avg Diago Iterations: 2.2
Diago Threshold     : 9.84e-05 Ry

Total Energy:         -608.41056276 Ry

      one-el:         -417.27852427 Ry
     Hartree:          179.86537688 Ry
          XC:          -76.21626410 Ry
       Ewald:         -294.78115128 Ry

    HO Level:            6.64297700 eV
----------------------------------------

Iteration # 4, Run Time:  86.7 sec
Convergence Status   : NOT Converged
SCF Error           : 2.8958e-03 Ry
Avg Diago Iterations: 2.0
Diago Threshold     : 4.52e-06 Ry

Total Energy:         -606.85997715 Ry

      one-el:         -416.73432484 Ry
     Hartree:          180.86400929 Ry
          XC:          -76.20851032 Ry
       Ewald:         -294.78115128 Ry

    HO Level:            6.40108760 eV
----------------------------------------

Iteration # 5, Run Time: 104.4 sec
Convergence Status   : NOT Converged
SCF Error           : 8.2875e-04 Ry
Avg Diago Iterations: 3.5
Diago Threshold     : 1.29e-06 Ry

Total Energy:         -606.28755598 Ry

      one-el:         -416.43656206 Ry
     Hartree:          181.18438406 Ry
          XC:          -76.25422670 Ry
       Ewald:         -294.78115128 Ry

    HO Level:            6.37861061 eV
----------------------------------------

Iteration # 6, Run Time: 119.8 sec
Convergence Status   : NOT Converged
SCF Error           : 1.0935e-05 Ry
Avg Diago Iterations: 2.0
Diago Threshold     : 1.71e-08 Ry

Total Energy:         -606.52757327 Ry

      one-el:         -416.52892022 Ry
     Hartree:          181.03908904 Ry
          XC:          -76.25659081 Ry
       Ewald:         -294.78115128 Ry

    HO Level:            6.40684583 eV
----------------------------------------

Iteration # 7, Run Time: 141.7 sec
Convergence Status   : NOT Converged
SCF Error           : 1.2648e-05 Ry
Avg Diago Iterations: 4.0
Diago Threshold     : 1.71e-08 Ry

Total Energy:         -606.59159703 Ry

      one-el:         -416.56385155 Ry
     Hartree:          181.01031506 Ry
          XC:          -76.25690926 Ry
       Ewald:         -294.78115128 Ry

    HO Level:            6.41058771 eV
----------------------------------------

Iteration # 8, Run Time: 158.5 sec
Convergence Status   : NOT Converged
SCF Error           : 2.9475e-07 Ry
Avg Diago Iterations: 2.0
Diago Threshold     : 4.61e-10 Ry

Total Energy:         -606.56681703 Ry

      one-el:         -416.55373553 Ry
     Hartree:          181.02514117 Ry
          XC:          -76.25707139 Ry
       Ewald:         -294.78115128 Ry

    HO Level:            6.40748522 eV
----------------------------------------

Iteration # 9, Run Time: 177.4 sec
Convergence Status   :  Converged
SCF Error           : 2.3510e-08 Ry
Avg Diago Iterations: 4.0
Diago Threshold     : 4.61e-10 Ry

Total Energy:         -606.55990594 Ry

      one-el:         -416.54965397 Ry
     Hartree:          181.02820327 Ry
          XC:          -76.25730397 Ry
       Ewald:         -294.78115128 Ry

    HO Level:            6.40733618 eV
----------------------------------------

SCF Converged.
delta = 0.005 => del_Gamma = [ 2.72245234e-01 -3.64998179e-06 -3.22966561e-06].
Z_ion = 11, Z* = 2.334165057636083.
